Tue 02 May 2023 11:04:59 PM UTC: 
 tests:  0|5
total_score: 0/70
298ec88
Thu 04 May 2023 04:42:29 PM UTC: 
 sudoku.c | 4 ++++
 1 file changed, 4 insertions(+)
In file included from test.c:5:
sudoku.c:66:7: error: redefinition of ‘get_adj_nodes’
   66 | List* get_adj_nodes(Node* n){
      |       ^~~~~~~~~~~~~
sudoku.c:52:7: note: previous definition of ‘get_adj_nodes’ with type ‘List *(Node *)’
   52 | List* get_adj_nodes(Node* n){
      |       ^~~~~~~~~~~~~
Compilation failed
442cc85
Thu 04 May 2023 04:42:47 PM UTC: 
 sudoku.c | 1 +
 1 file changed, 1 insertion(+)
In file included from test.c:5:
sudoku.c:67:7: error: redefinition of ‘get_adj_nodes’
   67 | List* get_adj_nodes(Node* n){
      |       ^~~~~~~~~~~~~
sudoku.c:52:7: note: previous definition of ‘get_adj_nodes’ with type ‘List *(Node *)’
   52 | List* get_adj_nodes(Node* n){
      |       ^~~~~~~~~~~~~
sudoku.c:73:1: error: expected identifier or ‘(’ before ‘}’ token
   73 | }
      | ^
Compilation failed
f80040e
Thu 04 May 2023 04:42:56 PM UTC: 
 sudoku.c | 1 -
 1 file changed, 1 deletion(-)
In file included from test.c:5:
sudoku.c:67:7: error: redefinition of ‘get_adj_nodes’
   67 | List* get_adj_nodes(Node* n){
      |       ^~~~~~~~~~~~~
sudoku.c:52:7: note: previous definition of ‘get_adj_nodes’ with type ‘List *(Node *)’
   52 | List* get_adj_nodes(Node* n){
      |       ^~~~~~~~~~~~~
Compilation failed
2104878
Thu 04 May 2023 04:45:01 PM UTC: 
 sudoku.c | 5 -----
 1 file changed, 5 deletions(-)
 tests:  0|5
total_score: 0/70
f56eb8c
Thu 04 May 2023 05:07:51 PM UTC: 
 sudoku.c | 25 +++++++++++++++++++++++++
 1 file changed, 25 insertions(+)
In file included from test.c:5:
sudoku.c: In function ‘get_adj_nodes’:
sudoku.c:57:27: error: expected ‘;’ before ‘j’
   57 |         for (j = 0 ; j < 9 j++)
      |                           ^~
      |                           ;
Compilation failed
bf12fdb
Thu 04 May 2023 05:08:05 PM UTC: 
 sudoku.c | 2 +-
 1 file changed, 1 insertion(+), 1 deletion(-)
 tests:  0|5
total_score: 0/70
b54d2d7
Thu 04 May 2023 05:10:33 PM UTC: 
 sudoku.c | 1 +
 1 file changed, 1 insertion(+)
In file included from test.c:5:
sudoku.c: In function ‘get_adj_nodes’:
sudoku.c:75:17: error: this ‘if’ clause does not guard... [-Werror=misleading-indentation]
   75 |                 if(entro != 1)
      |                 ^~
sudoku.c:77:21: note: ...this statement, but the latter is misleadingly indented as if it were guarded by the ‘if’
   77 |                     pushFront(list,adj);
      |                     ^~~~~~~~~
cc1: all warnings being treated as errors
Compilation failed
9b91384
Thu 04 May 2023 05:11:00 PM UTC: 
 sudoku.c | 3 ++-
 1 file changed, 2 insertions(+), 1 deletion(-)
 tests:  0|5
total_score: 0/70
ebc5ef3
Thu 04 May 2023 05:12:26 PM UTC: 
 sudoku.c | 5 ++++-
 1 file changed, 4 insertions(+), 1 deletion(-)
 tests:  0|5
total_score: 0/70
cd702a5
Thu 04 May 2023 05:13:38 PM UTC: 
 sudoku.c | 2 +-
 1 file changed, 1 insertion(+), 1 deletion(-)
 tests:  0|5
total_score: 0/70
f31c3fd
Thu 04 May 2023 05:13:53 PM UTC: 
 sudoku.c | 2 +-
 1 file changed, 1 insertion(+), 1 deletion(-)
 tests:  0|5
total_score: 0/70
a010205
Thu 04 May 2023 05:14:17 PM UTC: 
 sudoku.c | 2 +-
 1 file changed, 1 insertion(+), 1 deletion(-)
 tests:  0|5
total_score: 0/70
08c4d32
Thu 04 May 2023 05:22:48 PM UTC: 
 sudoku.c | 18 ++++++++++++++++--
 1 file changed, 16 insertions(+), 2 deletions(-)
In file included from test.c:5:
sudoku.c: In function ‘get_adj_nodes’:
sudoku.c:66:21: error: expected ‘,’ or ‘;’ before ‘for’
   66 |                     for(k = 0 : k < 9 ; k++)
      |                     ^~~
sudoku.c:66:44: error: expected ‘;’ before ‘)’ token
   66 |                     for(k = 0 : k < 9 ; k++)
      |                                            ^
      |                                            ;
sudoku.c:66:44: error: expected statement before ‘)’ token
sudoku.c:73:17: error: expected expression before ‘}’ token
   73 |                 }
      |                 ^
sudoku.c:92:20: error: ‘entro’ undeclared (first use in this function)
   92 |                 if(entro != 1){
      |                    ^~~~~
sudoku.c:92:20: note: each undeclared identifier is reported only once for each function it appears in
sudoku.c:93:21: error: ‘adj’ undeclared (first use in this function)
   93 |                     adj->sudo[i][j] = num;
      |                     ^~~
Compilation failed
adbced8
Thu 04 May 2023 05:24:16 PM UTC: 
 sudoku.c | 7 +++++++
 1 file changed, 7 insertions(+)
In file included from test.c:5:
sudoku.c: In function ‘get_adj_nodes’:
sudoku.c:66:21: error: expected ‘,’ or ‘;’ before ‘for’
   66 |                     for(k = 0 : k < 9 ; k++)
      |                     ^~~
sudoku.c:66:44: error: expected ‘;’ before ‘)’ token
   66 |                     for(k = 0 : k < 9 ; k++)
      |                                            ^
      |                                            ;
sudoku.c:66:44: error: expected statement before ‘)’ token
sudoku.c:74:25: error: expected expression before ‘Node’
   74 |                         Node* adj = copy(n);
      |                         ^~~~
sudoku.c:73:21: error: this ‘if’ clause does not guard... [-Werror=misleading-indentation]
   73 |                     if(valido)
      |                     ^~
sudoku.c:75:25: note: ...this statement, but the latter is misleadingly indented as if it were guarded by the ‘if’
   75 |                         adj->sudo[i][j] = num;
      |                         ^~~
sudoku.c:75:25: error: ‘adj’ undeclared (first use in this function)
sudoku.c:75:25: note: each undeclared identifier is reported only once for each function it appears in
sudoku.c:99:20: error: ‘entro’ undeclared (first use in this function)
   99 |                 if(entro != 1){
      |                    ^~~~~
sudoku.c: At top level:
sudoku.c:106:5: error: expected identifier or ‘(’ before ‘return’
  106 |     return list;
      |     ^~~~~~
sudoku.c:107:1: error: expected identifier or ‘(’ before ‘}’ token
  107 | }
      | ^
sudoku.c: In function ‘get_adj_nodes’:
sudoku.c:105:9: error: control reaches end of non-void function [-Werror=return-type]
  105 |         }
      |         ^
cc1: all warnings being treated as errors
Compilation failed
386a8d6
Thu 04 May 2023 05:24:49 PM UTC: 
 sudoku.c | 3 ++-
 1 file changed, 2 insertions(+), 1 deletion(-)
In file included from test.c:5:
sudoku.c: In function ‘get_adj_nodes’:
sudoku.c:66:21: error: expected ‘,’ or ‘;’ before ‘for’
   66 |                     for(k = 0 : k < 9 ; k++)
      |                     ^~~
sudoku.c:66:44: error: expected ‘;’ before ‘)’ token
   66 |                     for(k = 0 : k < 9 ; k++)
      |                                            ^
      |                                            ;
sudoku.c:66:44: error: expected statement before ‘)’ token
sudoku.c:74:25: error: expected expression before ‘Node’
   74 |                         Node* adj = copy(n);
      |                         ^~~~
sudoku.c:73:21: error: this ‘if’ clause does not guard... [-Werror=misleading-indentation]
   73 |                     if(valido)
      |                     ^~
sudoku.c:75:25: note: ...this statement, but the latter is misleadingly indented as if it were guarded by the ‘if’
   75 |                         adj->sudo[i][j] = num;
      |                         ^~~
sudoku.c:75:25: error: ‘adj’ undeclared (first use in this function)
sudoku.c:75:25: note: each undeclared identifier is reported only once for each function it appears in
sudoku.c: At top level:
sudoku.c:107:5: error: expected identifier or ‘(’ before ‘return’
  107 |     return list;
      |     ^~~~~~
sudoku.c:108:1: error: expected identifier or ‘(’ before ‘}’ token
  108 | }
      | ^
sudoku.c: In function ‘get_adj_nodes’:
sudoku.c:106:9: error: control reaches end of non-void function [-Werror=return-type]
  106 |         }
      |         ^
cc1: all warnings being treated as errors
Compilation failed
57a5bb9
Thu 04 May 2023 05:25:08 PM UTC: 
 sudoku.c | 2 +-
 1 file changed, 1 insertion(+), 1 deletion(-)
In file included from test.c:5:
sudoku.c: In function ‘get_adj_nodes’:
sudoku.c:66:21: error: expected ‘,’ or ‘;’ before ‘for’
   66 |                     for(k = 0 ; k < 9 ; k++)
      |                     ^~~
sudoku.c:66:35: error: statement with no effect [-Werror=unused-value]
   66 |                     for(k = 0 ; k < 9 ; k++)
      |                                 ~~^~~
sudoku.c:66:44: error: expected ‘;’ before ‘)’ token
   66 |                     for(k = 0 ; k < 9 ; k++)
      |                                            ^
      |                                            ;
sudoku.c:66:44: error: expected statement before ‘)’ token
sudoku.c:74:25: error: expected expression before ‘Node’
   74 |                         Node* adj = copy(n);
      |                         ^~~~
sudoku.c:73:21: error: this ‘if’ clause does not guard... [-Werror=misleading-indentation]
   73 |                     if(valido)
      |                     ^~
sudoku.c:75:25: note: ...this statement, but the latter is misleadingly indented as if it were guarded by the ‘if’
   75 |                         adj->sudo[i][j] = num;
      |                         ^~~
sudoku.c:75:25: error: ‘adj’ undeclared (first use in this function)
sudoku.c:75:25: note: each undeclared identifier is reported only once for each function it appears in
sudoku.c: At top level:
sudoku.c:107:5: error: expected identifier or ‘(’ before ‘return’
  107 |     return list;
      |     ^~~~~~
sudoku.c:108:1: error: expected identifier or ‘(’ before ‘}’ token
  108 | }
      | ^
sudoku.c: In function ‘get_adj_nodes’:
sudoku.c:106:9: error: control reaches end of non-void function [-Werror=return-type]
  106 |         }
      |         ^
cc1: all warnings being treated as errors
Compilation failed
253a7ab
Thu 04 May 2023 05:25:37 PM UTC: 
 sudoku.c | 2 +-
 1 file changed, 1 insertion(+), 1 deletion(-)
In file included from test.c:5:
sudoku.c: In function ‘get_adj_nodes’:
sudoku.c:74:25: error: expected expression before ‘Node’
   74 |                         Node* adj = copy(n);
      |                         ^~~~
sudoku.c:73:21: error: this ‘if’ clause does not guard... [-Werror=misleading-indentation]
   73 |                     if(valido)
      |                     ^~
sudoku.c:75:25: note: ...this statement, but the latter is misleadingly indented as if it were guarded by the ‘if’
   75 |                         adj->sudo[i][j] = num;
      |                         ^~~
sudoku.c:75:25: error: ‘adj’ undeclared (first use in this function)
sudoku.c:75:25: note: each undeclared identifier is reported only once for each function it appears in
sudoku.c: At top level:
sudoku.c:107:5: error: expected identifier or ‘(’ before ‘return’
  107 |     return list;
      |     ^~~~~~
sudoku.c:108:1: error: expected identifier or ‘(’ before ‘}’ token
  108 | }
      | ^
sudoku.c: In function ‘get_adj_nodes’:
sudoku.c:106:9: error: control reaches end of non-void function [-Werror=return-type]
  106 |         }
      |         ^
cc1: all warnings being treated as errors
Compilation failed
f435857
Thu 04 May 2023 05:26:15 PM UTC: 
 sudoku.c | 2 +-
 1 file changed, 1 insertion(+), 1 deletion(-)
 tests:  0|5
total_score: 0/70
60307ea
Thu 04 May 2023 05:26:25 PM UTC: 
 sudoku.c | 2 +-
 1 file changed, 1 insertion(+), 1 deletion(-)
 tests:  0|5
total_score: 0/70
a008a48
Thu 04 May 2023 05:27:42 PM UTC: 
 sudoku.c | 2 +-
 1 file changed, 1 insertion(+), 1 deletion(-)
 tests:  0|5
total_score: 0/70
b6530f1
Thu 04 May 2023 06:40:26 PM UTC: 
 sudoku.c | 26 ++------------------------
 1 file changed, 2 insertions(+), 24 deletions(-)
 tests:  0|5
total_score: 0/70
7115526
Thu 04 May 2023 06:40:35 PM UTC: 
 sudoku.c | 2 +-
 1 file changed, 1 insertion(+), 1 deletion(-)
 tests:  0|5
total_score: 0/70
84e170d
Thu 04 May 2023 06:52:09 PM UTC: 
 sudoku.c | 2 +-
 1 file changed, 1 insertion(+), 1 deletion(-)
In file included from test.c:5:
sudoku.c: In function ‘get_adj_nodes’:
sudoku.c:65:21: error: this ‘for’ clause does not guard... [-Werror=misleading-indentation]
   65 |                     for(k = 0 ; k < 9 ; k++)
      |                     ^~~
sudoku.c:73:25: note: ...this statement, but the latter is misleadingly indented as if it were guarded by the ‘for’
   73 |                         Node* adj = copy(n);
      |                         ^~~~
sudoku.c:64:25: error: variable ‘valido’ set but not used [-Werror=unused-but-set-variable]
   64 |                     int valido = 1;
      |                         ^~~~~~
sudoku.c: At top level:
sudoku.c:84:5: error: expected identifier or ‘(’ before ‘return’
   84 |     return list;
      |     ^~~~~~
sudoku.c:85:1: error: expected identifier or ‘(’ before ‘}’ token
   85 | }
      | ^
sudoku.c: In function ‘get_adj_nodes’:
sudoku.c:83:9: error: control reaches end of non-void function [-Werror=return-type]
   83 |         }
      |         ^
cc1: all warnings being treated as errors
Compilation failed
66998e7
Thu 04 May 2023 06:52:27 PM UTC: 
 sudoku.c | 4 ++--
 1 file changed, 2 insertions(+), 2 deletions(-)
In file included from test.c:5:
sudoku.c: In function ‘get_adj_nodes’:
sudoku.c:64:25: error: variable ‘valido’ set but not used [-Werror=unused-but-set-variable]
   64 |                     int valido = 1;
      |                         ^~~~~~
cc1: all warnings being treated as errors
Compilation failed
a39a9a1
Thu 04 May 2023 06:52:49 PM UTC: 
 sudoku.c | 4 ++--
 1 file changed, 2 insertions(+), 2 deletions(-)
 tests:  0|5
total_score: 0/70
68603b6
Thu 04 May 2023 06:53:55 PM UTC: 
 sudoku.c | 8 ++++----
 1 file changed, 4 insertions(+), 4 deletions(-)
 tests:  0|5
total_score: 0/70
bca3d31
Thu 04 May 2023 06:56:16 PM UTC: 
 sudoku.c | 2 +-
 1 file changed, 1 insertion(+), 1 deletion(-)
 tests:  2|4
total_score: 15/70
08624b1
Thu 04 May 2023 07:58:11 PM UTC: 
 sudoku.c | 8 ++++++++
 1 file changed, 8 insertions(+)
In file included from test.c:5:
sudoku.c: In function ‘is_valid’:
sudoku.c:50:9: error: expected expression before ‘int’
   50 |         int p;
      |         ^~~
sudoku.c:49:5: error: this ‘for’ clause does not guard... [-Werror=misleading-indentation]
   49 |     for(int k = 0 ; k < 9 ; k++)
      |     ^~~
sudoku.c:51:9: note: ...this statement, but the latter is misleadingly indented as if it were guarded by the ‘for’
   51 |         for(p = 0 ; p < 9 ; p++){
      |         ^~~
sudoku.c:51:13: error: ‘p’ undeclared (first use in this function)
   51 |         for(p = 0 ; p < 9 ; p++){
      |             ^
sudoku.c:51:13: note: each undeclared identifier is reported only once for each function it appears in
sudoku.c:52:22: error: ‘k’ undeclared (first use in this function)
   52 |             int i=3*(k/3) + (p/3) ;
      |                      ^
sudoku.c:54:26: error: ‘nodo’ undeclared (first use in this function)
   54 |             printf("%d ",nodo->sudo[i][j]);
      |                          ^~~~
sudoku.c:53:17: error: variable ‘j’ set but not used [-Werror=unused-but-set-variable]
   53 |             int j=3*(k%3) + (p%3) ;
      |                 ^
sudoku.c:52:17: error: variable ‘i’ set but not used [-Werror=unused-but-set-variable]
   52 |             int i=3*(k/3) + (p/3) ;
      |                 ^
cc1: all warnings being treated as errors
Compilation failed
2ca0e53
Thu 04 May 2023 07:58:34 PM UTC: 
 sudoku.c | 3 ++-
 1 file changed, 2 insertions(+), 1 deletion(-)
In file included from test.c:5:
sudoku.c: In function ‘is_valid’:
sudoku.c:54:26: error: ‘nodo’ undeclared (first use in this function)
   54 |             printf("%d ",nodo->sudo[i][j]);
      |                          ^~~~
sudoku.c:54:26: note: each undeclared identifier is reported only once for each function it appears in
sudoku.c:53:17: error: variable ‘j’ set but not used [-Werror=unused-but-set-variable]
   53 |             int j=3*(k%3) + (p%3) ;
      |                 ^
sudoku.c:52:17: error: variable ‘i’ set but not used [-Werror=unused-but-set-variable]
   52 |             int i=3*(k/3) + (p/3) ;
      |                 ^
cc1: all warnings being treated as errors
Compilation failed
bd0d0bb
Thu 04 May 2023 07:58:53 PM UTC: 
 sudoku.c | 3 ++-
 1 file changed, 2 insertions(+), 1 deletion(-)
 tests:  2|4
total_score: 15/70
a307b97
Thu 04 May 2023 07:59:03 PM UTC: 
 sudoku.c | 4 ++--
 1 file changed, 2 insertions(+), 2 deletions(-)
In file included from test.c:5:
sudoku.c: In function ‘is_valid’:
sudoku.c:54:26: error: ‘nodo’ undeclared (first use in this function)
   54 |             printf("%d ",nodo->sudo[i][j]);
      |                          ^~~~
sudoku.c:54:26: note: each undeclared identifier is reported only once for each function it appears in
sudoku.c:53:17: error: variable ‘j’ set but not used [-Werror=unused-but-set-variable]
   53 |             int j=3*(k%3) + (p%3) ;
      |                 ^
sudoku.c:52:17: error: variable ‘i’ set but not used [-Werror=unused-but-set-variable]
   52 |             int i=3*(k/3) + (p/3) ;
      |                 ^
cc1: all warnings being treated as errors
Compilation failed
4e64418
Thu 04 May 2023 07:59:12 PM UTC: 
 sudoku.c | 2 +-
 1 file changed, 1 insertion(+), 1 deletion(-)
 tests:  2|4
total_score: 15/70
474a5b4
Thu 04 May 2023 07:59:41 PM UTC: 
 sudoku.c | 2 +-
 1 file changed, 1 insertion(+), 1 deletion(-)
In file included from test.c:5:
sudoku.c: In function ‘is_valid’:
sudoku.c:53:17: error: unused variable ‘j’ [-Werror=unused-variable]
   53 |             int j=3*(k%3) + (p%3) ;
      |                 ^
sudoku.c:52:17: error: unused variable ‘i’ [-Werror=unused-variable]
   52 |             int i=3*(k/3) + (p/3) ;
      |                 ^
cc1: all warnings being treated as errors
Compilation failed
32f88eb
Thu 04 May 2023 08:05:13 PM UTC: 
 sudoku.c | 12 ++++++++----
 1 file changed, 8 insertions(+), 4 deletions(-)
In file included from test.c:5:
sudoku.c: In function ‘is_valid’:
sudoku.c:51:13: error: ‘p’ undeclared (first use in this function)
   51 |         for(p=0;p<9;p++)
      |             ^
sudoku.c:51:13: note: each undeclared identifier is reported only once for each function it appears in
sudoku.c:55:26: error: ‘nodo’ undeclared (first use in this function)
   55 |             printf("%d ",nodo->sudo[i][j]);
      |                          ^~~~
sudoku.c:54:17: error: variable ‘j’ set but not used [-Werror=unused-but-set-variable]
   54 |             int j=3*(k%3) + (p%3) ;
      |                 ^
sudoku.c:53:17: error: variable ‘i’ set but not used [-Werror=unused-but-set-variable]
   53 |             int i=3*(k/3) + (p/3) ;
      |                 ^
cc1: all warnings being treated as errors
Compilation failed
8d38b74
Thu 04 May 2023 08:05:29 PM UTC: 
 sudoku.c | 2 +-
 1 file changed, 1 insertion(+), 1 deletion(-)
In file included from test.c:5:
sudoku.c: In function ‘is_valid’:
sudoku.c:51:13: error: ‘p’ undeclared (first use in this function)
   51 |         for(p=0;p<9;p++)
      |             ^
sudoku.c:51:13: note: each undeclared identifier is reported only once for each function it appears in
Compilation failed
d1fef1d
Thu 04 May 2023 08:05:40 PM UTC: 
 sudoku.c | 2 +-
 1 file changed, 1 insertion(+), 1 deletion(-)
 tests:  2|4
total_score: 15/70
59128b7
Thu 04 May 2023 08:07:54 PM UTC: 
 sudoku.c | 2 +-
 1 file changed, 1 insertion(+), 1 deletion(-)
 tests:  2|4
total_score: 15/70
11bad10
Thu 04 May 2023 09:12:45 PM UTC: 
 sudoku.c | 23 ++++++++++++++++++++---
 1 file changed, 20 insertions(+), 3 deletions(-)
In file included from test.c:5:
sudoku.c: In function ‘is_valid’:
sudoku.c:59:48: error: expected ‘;’ before ‘else’
   59 |                 cuadrado[n->sudo[i][j] - 1] = 1
      |                                                ^
      |                                                ;
   60 |             else
      |             ~~~~                                
sudoku.c:65:74: error: expected ‘]’ before ‘)’ token
   65 |                 if(filcol[n->sudo[i][m] - 1] == 0 || filcol[n->sudo[m][j]) == 0]
      |                                                                          ^
      |                                                                          ]
sudoku.c:65:76: error: expected expression before ‘==’ token
   65 |                 if(filcol[n->sudo[i][m] - 1] == 0 || filcol[n->sudo[m][j]) == 0]
      |                                                                            ^~
sudoku.c:65:17: error: this ‘if’ clause does not guard... [-Werror=misleading-indentation]
   65 |                 if(filcol[n->sudo[i][m] - 1] == 0 || filcol[n->sudo[m][j]) == 0]
      |                 ^~
sudoku.c:65:80: note: ...this statement, but the latter is misleadingly indented as if it were guarded by the ‘if’
   65 |                 if(filcol[n->sudo[i][m] - 1] == 0 || filcol[n->sudo[m][j]) == 0]
      |                                                                                ^
sudoku.c:64:13: error: this ‘for’ clause does not guard... [-Werror=misleading-indentation]
   64 |             for(int m = 0 ; m < 9 ; m++)
      |             ^~~
sudoku.c:65:80: note: ...this statement, but the latter is misleadingly indented as if it were guarded by the ‘for’
   65 |                 if(filcol[n->sudo[i][m] - 1] == 0 || filcol[n->sudo[m][j]) == 0]
      |                                                                                ^
sudoku.c:65:80: error: expected statement before ‘]’ token
sudoku.c:66:39: error: ‘m’ undeclared (first use in this function)
   66 |                     filcol[n->sudo[i][m] - 1] = 1
      |                                       ^
sudoku.c:66:39: note: each undeclared identifier is reported only once for each function it appears in
sudoku.c:66:50: error: expected ‘;’ before ‘else’
   66 |                     filcol[n->sudo[i][m] - 1] = 1
      |                                                  ^
      |                                                  ;
   67 |                 else
      |                 ~~~~                              
cc1: all warnings being treated as errors
Compilation failed
9c3cdd9
Thu 04 May 2023 09:12:51 PM UTC: 
 sudoku.c | 2 +-
 1 file changed, 1 insertion(+), 1 deletion(-)
In file included from test.c:5:
sudoku.c: In function ‘is_valid’:
sudoku.c:59:48: error: expected ‘;’ before ‘else’
   59 |                 cuadrado[n->sudo[i][j] - 1] = 1
      |                                                ^
      |                                                ;
   60 |             else
      |             ~~~~                                
sudoku.c:65:80: error: expected ‘)’ before ‘]’ token
   65 |                 if(filcol[n->sudo[i][m] - 1] == 0 || filcol[n->sudo[m][j]] == 0]
      |                   ~                                                            ^
      |                                                                                )
sudoku.c:65:80: error: expected statement before ‘]’ token
sudoku.c:66:39: error: ‘m’ undeclared (first use in this function)
   66 |                     filcol[n->sudo[i][m] - 1] = 1
      |                                       ^
sudoku.c:66:39: note: each undeclared identifier is reported only once for each function it appears in
sudoku.c:66:50: error: expected ‘;’ before ‘else’
   66 |                     filcol[n->sudo[i][m] - 1] = 1
      |                                                  ^
      |                                                  ;
   67 |                 else
      |                 ~~~~                              
Compilation failed
a11472e
Thu 04 May 2023 09:13:13 PM UTC: 
 sudoku.c | 2 +-
 1 file changed, 1 insertion(+), 1 deletion(-)
In file included from test.c:5:
sudoku.c: In function ‘is_valid’:
sudoku.c:59:48: error: expected ‘;’ before ‘else’
   59 |                 cuadrado[n->sudo[i][j] - 1] = 1
      |                                                ^
      |                                                ;
   60 |             else
      |             ~~~~                                
sudoku.c:65:80: error: expected ‘)’ before ‘]’ token
   65 |                 if(filcol[n->sudo[i][m] - 1] == 0 || filcol[n->sudo[m][j]] == 0])
      |                   ~                                                            ^
      |                                                                                )
sudoku.c:65:80: error: expected statement before ‘]’ token
sudoku.c:65:17: error: this ‘if’ clause does not guard... [-Werror=misleading-indentation]
   65 |                 if(filcol[n->sudo[i][m] - 1] == 0 || filcol[n->sudo[m][j]] == 0])
      |                 ^~
sudoku.c:65:81: note: ...this statement, but the latter is misleadingly indented as if it were guarded by the ‘if’
   65 |                 if(filcol[n->sudo[i][m] - 1] == 0 || filcol[n->sudo[m][j]] == 0])
      |                                                                                 ^
sudoku.c:64:13: error: this ‘for’ clause does not guard... [-Werror=misleading-indentation]
   64 |             for(int m = 0 ; m < 9 ; m++)
      |             ^~~
sudoku.c:65:81: note: ...this statement, but the latter is misleadingly indented as if it were guarded by the ‘for’
   65 |                 if(filcol[n->sudo[i][m] - 1] == 0 || filcol[n->sudo[m][j]] == 0])
      |                                                                                 ^
sudoku.c:65:81: error: expected statement before ‘)’ token
sudoku.c:66:39: error: ‘m’ undeclared (first use in this function)
   66 |                     filcol[n->sudo[i][m] - 1] = 1
      |                                       ^
sudoku.c:66:39: note: each undeclared identifier is reported only once for each function it appears in
sudoku.c:66:50: error: expected ‘;’ before ‘else’
   66 |                     filcol[n->sudo[i][m] - 1] = 1
      |                                                  ^
      |                                                  ;
   67 |                 else
      |                 ~~~~                              
cc1: all warnings being treated as errors
Compilation failed
2e41f12
Thu 04 May 2023 09:14:30 PM UTC: 
 sudoku.c | 2 ++
 1 file changed, 2 insertions(+)
In file included from test.c:5:
sudoku.c: In function ‘is_valid’:
sudoku.c:59:48: error: expected ‘;’ before ‘else’
   59 |                 cuadrado[n->sudo[i][j] - 1] = 1
      |                                                ^
      |                                                ;
   60 |             else
      |             ~~~~                                
sudoku.c:66:80: error: expected ‘)’ before ‘]’ token
   66 |                 if(filcol[n->sudo[i][m] - 1] == 0 || filcol[n->sudo[m][j]] == 0])
      |                   ~                                                            ^
      |                                                                                )
sudoku.c:66:80: error: expected statement before ‘]’ token
sudoku.c:66:17: error: this ‘if’ clause does not guard... [-Werror=misleading-indentation]
   66 |                 if(filcol[n->sudo[i][m] - 1] == 0 || filcol[n->sudo[m][j]] == 0])
      |                 ^~
sudoku.c:66:81: note: ...this statement, but the latter is misleadingly indented as if it were guarded by the ‘if’
   66 |                 if(filcol[n->sudo[i][m] - 1] == 0 || filcol[n->sudo[m][j]] == 0])
      |                                                                                 ^
sudoku.c:66:81: error: expected statement before ‘)’ token
sudoku.c:67:50: error: expected ‘;’ before ‘else’
   67 |                     filcol[n->sudo[i][m] - 1] = 1
      |                                                  ^
      |                                                  ;
   68 |                 else
      |                 ~~~~                              
cc1: all warnings being treated as errors
Compilation failed
9d837e6
Thu 04 May 2023 09:14:56 PM UTC: 
 sudoku.c | 4 ++--
 1 file changed, 2 insertions(+), 2 deletions(-)
In file included from test.c:5:
sudoku.c: In function ‘is_valid’:
sudoku.c:59:48: error: expected ‘;’ before ‘else’
   59 |                 cuadrado[n->sudo[i][j] - 1] = 1
      |                                                ^
      |                                                ;
   60 |             else
      |             ~~~~                                
sudoku.c:66:80: error: expected ‘)’ before ‘]’ token
   66 |                 if(filcol[n->sudo[i][m] - 1] == 0 || filcol[n->sudo[m][j]] == 0])
      |                   ~                                                            ^
      |                                                                                )
sudoku.c:66:80: error: expected statement before ‘]’ token
sudoku.c:66:17: error: this ‘if’ clause does not guard... [-Werror=misleading-indentation]
   66 |                 if(filcol[n->sudo[i][m] - 1] == 0 || filcol[n->sudo[m][j]] == 0])
      |                 ^~
sudoku.c:66:81: note: ...this statement, but the latter is misleadingly indented as if it were guarded by the ‘if’
   66 |                 if(filcol[n->sudo[i][m] - 1] == 0 || filcol[n->sudo[m][j]] == 0])
      |                                                                                 ^
sudoku.c:66:81: error: expected statement before ‘)’ token
sudoku.c:67:50: error: expected ‘;’ before ‘else’
   67 |                     filcol[n->sudo[i][m] - 1] = 1
      |                                                  ^
      |                                                  ;
   68 |                 else
      |                 ~~~~                              
cc1: all warnings being treated as errors
Compilation failed
dfe6427
Thu 04 May 2023 09:15:14 PM UTC: 
 sudoku.c | 2 +-
 1 file changed, 1 insertion(+), 1 deletion(-)
In file included from test.c:5:
sudoku.c: In function ‘is_valid’:
sudoku.c:66:80: error: expected ‘)’ before ‘]’ token
   66 |                 if(filcol[n->sudo[i][m] - 1] == 0 || filcol[n->sudo[m][j]] == 0])
      |                   ~                                                            ^
      |                                                                                )
sudoku.c:66:80: error: expected statement before ‘]’ token
sudoku.c:66:17: error: this ‘if’ clause does not guard... [-Werror=misleading-indentation]
   66 |                 if(filcol[n->sudo[i][m] - 1] == 0 || filcol[n->sudo[m][j]] == 0])
      |                 ^~
sudoku.c:66:81: note: ...this statement, but the latter is misleadingly indented as if it were guarded by the ‘if’
   66 |                 if(filcol[n->sudo[i][m] - 1] == 0 || filcol[n->sudo[m][j]] == 0])
      |                                                                                 ^
sudoku.c:66:81: error: expected statement before ‘)’ token
sudoku.c:67:50: error: expected ‘;’ before ‘else’
   67 |                     filcol[n->sudo[i][m] - 1] = 1
      |                                                  ^
      |                                                  ;
   68 |                 else
      |                 ~~~~                              
cc1: all warnings being treated as errors
Compilation failed
e9e634f
Thu 04 May 2023 09:15:28 PM UTC: 
 sudoku.c | 2 +-
 1 file changed, 1 insertion(+), 1 deletion(-)
In file included from test.c:5:
sudoku.c: In function ‘is_valid’:
sudoku.c:66:84: error: expected ‘)’ before ‘]’ token
   66 |                 if(filcol[n->sudo[i][m] - 1] == 0 || filcol[n->sudo[m][j] - 1] == 0])
      |                   ~                                                                ^
      |                                                                                    )
sudoku.c:66:84: error: expected statement before ‘]’ token
sudoku.c:66:17: error: this ‘if’ clause does not guard... [-Werror=misleading-indentation]
   66 |                 if(filcol[n->sudo[i][m] - 1] == 0 || filcol[n->sudo[m][j] - 1] == 0])
      |                 ^~
sudoku.c:66:85: note: ...this statement, but the latter is misleadingly indented as if it were guarded by the ‘if’
   66 |                 if(filcol[n->sudo[i][m] - 1] == 0 || filcol[n->sudo[m][j] - 1] == 0])
      |                                                                                     ^
sudoku.c:66:85: error: expected statement before ‘)’ token
sudoku.c:67:50: error: expected ‘;’ before ‘else’
   67 |                     filcol[n->sudo[i][m] - 1] = 1
      |                                                  ^
      |                                                  ;
   68 |                 else
      |                 ~~~~                              
cc1: all warnings being treated as errors
Compilation failed
bc1f2e8
Thu 04 May 2023 09:19:03 PM UTC: 
 sudoku.c | 5 ++---
 1 file changed, 2 insertions(+), 3 deletions(-)
In file included from test.c:5:
sudoku.c: In function ‘is_valid’:
sudoku.c:67:84: error: expected ‘)’ before ‘]’ token
   67 |                 if(filcol[n->sudo[i][m] - 1] == 0 || filcol[n->sudo[m][j] - 1] == 0])
      |                   ~                                                                ^
      |                                                                                    )
sudoku.c:67:84: error: expected statement before ‘]’ token
sudoku.c:67:17: error: this ‘if’ clause does not guard... [-Werror=misleading-indentation]
   67 |                 if(filcol[n->sudo[i][m] - 1] == 0 || filcol[n->sudo[m][j] - 1] == 0])
      |                 ^~
sudoku.c:67:85: note: ...this statement, but the latter is misleadingly indented as if it were guarded by the ‘if’
   67 |                 if(filcol[n->sudo[i][m] - 1] == 0 || filcol[n->sudo[m][j] - 1] == 0])
      |                                                                                     ^
sudoku.c:67:85: error: expected statement before ‘)’ token
sudoku.c:68:50: error: expected ‘;’ before ‘else’
   68 |                     filcol[n->sudo[i][m] - 1] = 1
      |                                                  ^
      |                                                  ;
   69 |                 else
      |                 ~~~~                              
cc1: all warnings being treated as errors
Compilation failed
413e8de
Thu 04 May 2023 09:20:07 PM UTC: 
 sudoku.c | 2 +-
 1 file changed, 1 insertion(+), 1 deletion(-)
In file included from test.c:5:
sudoku.c: In function ‘is_valid’:
sudoku.c:68:50: error: expected ‘;’ before ‘else’
   68 |                     filcol[n->sudo[i][m] - 1] = 1
      |                                                  ^
      |                                                  ;
   69 |                 else
      |                 ~~~~                              
Compilation failed
5c16281
Thu 04 May 2023 09:20:16 PM UTC: 
 sudoku.c | 2 +-
 1 file changed, 1 insertion(+), 1 deletion(-)
 tests:  2|4
total_score: 15/70
2547d6c
Thu 04 May 2023 09:23:37 PM UTC: 
 sudoku.c | 2 +-
 1 file changed, 1 insertion(+), 1 deletion(-)
 tests:  2|4
total_score: 15/70
8e28cbd
Thu 04 May 2023 09:27:06 PM UTC: 
 sudoku.c | 4 ++--
 1 file changed, 2 insertions(+), 2 deletions(-)
 tests:  2|4
total_score: 15/70
6fa34e5
Thu 04 May 2023 09:30:11 PM UTC: 
 sudoku.c | 13 ++++++++++---
 1 file changed, 10 insertions(+), 3 deletions(-)
 tests:  2|4
total_score: 15/70
052071d
Thu 04 May 2023 09:34:38 PM UTC: 
 sudoku.c | 9 +++++++++
 1 file changed, 9 insertions(+)
 tests:  2|4
total_score: 15/70
f144d05
Thu 04 May 2023 09:36:29 PM UTC: 
 sudoku.c | 22 ++++++++++++----------
 1 file changed, 12 insertions(+), 10 deletions(-)
 tests:  2|4
total_score: 15/70
d1ee3ad
Thu 04 May 2023 09:38:00 PM UTC: 
 sudoku.c | 4 ++--
 1 file changed, 2 insertions(+), 2 deletions(-)
 tests:  2|4
total_score: 15/70
e5b5902
Thu 04 May 2023 09:43:12 PM UTC: 
 sudoku.c | 4 ++--
 1 file changed, 2 insertions(+), 2 deletions(-)
 tests:  2|4
total_score: 15/70
dd9ae61
Thu 04 May 2023 09:43:22 PM UTC: 
 sudoku.c | 4 ++--
 1 file changed, 2 insertions(+), 2 deletions(-)
 tests:  2|4
total_score: 15/70
f56f7cd
Thu 04 May 2023 09:52:28 PM UTC: 
 sudoku.c | 4 ++--
 1 file changed, 2 insertions(+), 2 deletions(-)
 tests:  2|4
total_score: 15/70
3e0ba1c
Thu 04 May 2023 10:01:51 PM UTC: 
 sudoku.c | 20 +++++++++++++++++++-
 1 file changed, 19 insertions(+), 1 deletion(-)
In file included from test.c:5:
sudoku.c: In function ‘is_valid’:
sudoku.c:86:21: error: ‘numero’ undeclared (first use in this function)
   86 |             if(fila[numero] == 1)
      |                     ^~~~~~
sudoku.c:86:21: note: each undeclared identifier is reported only once for each function it appears in
sudoku.c:87:25: error: expected ‘;’ before ‘fila’
   87 |                 return 0
      |                         ^
      |                         ;
   88 | 
   89 |             fila[numero] = 1;
      |             ~~~~         
sudoku.c:85:17: error: unused variable ‘num’ [-Werror=unused-variable]
   85 |             int num = n->sudo[i][j];
      |                 ^~~
sudoku.c:83:13: error: variable ‘fila’ set but not used [-Werror=unused-but-set-variable]
   83 |         int fila[10] = {};
      |             ^~~~
sudoku.c:80:9: error: unused variable ‘sudo’ [-Werror=unused-variable]
   80 |     int sudo[10];
      |         ^~~~
cc1: all warnings being treated as errors
Compilation failed
a21a8ef
Thu 04 May 2023 10:01:59 PM UTC: 
 sudoku.c | 2 +-
 1 file changed, 1 insertion(+), 1 deletion(-)
In file included from test.c:5:
sudoku.c: In function ‘is_valid’:
sudoku.c:86:21: error: ‘numero’ undeclared (first use in this function)
   86 |             if(fila[numero] == 1)
      |                     ^~~~~~
sudoku.c:86:21: note: each undeclared identifier is reported only once for each function it appears in
sudoku.c:85:17: error: unused variable ‘num’ [-Werror=unused-variable]
   85 |             int num = n->sudo[i][j];
      |                 ^~~
sudoku.c:83:13: error: variable ‘fila’ set but not used [-Werror=unused-but-set-variable]
   83 |         int fila[10] = {};
      |             ^~~~
sudoku.c:80:9: error: unused variable ‘sudo’ [-Werror=unused-variable]
   80 |     int sudo[10];
      |         ^~~~
cc1: all warnings being treated as errors
Compilation failed
086732c
Thu 04 May 2023 10:02:08 PM UTC: 
 sudoku.c | 4 ++--
 1 file changed, 2 insertions(+), 2 deletions(-)
In file included from test.c:5:
sudoku.c: In function ‘is_valid’:
sudoku.c:80:9: error: unused variable ‘sudo’ [-Werror=unused-variable]
   80 |     int sudo[10];
      |         ^~~~
cc1: all warnings being treated as errors
Compilation failed
0174eb9
Thu 04 May 2023 10:02:18 PM UTC: 
 sudoku.c | 2 +-
 1 file changed, 1 insertion(+), 1 deletion(-)
 tests:  2|4
total_score: 15/70
78c9b80
Thu 04 May 2023 10:03:14 PM UTC: 
 sudoku.c | 12 ++++++++++++
 1 file changed, 12 insertions(+)
In file included from test.c:5:
sudoku.c: In function ‘is_valid’:
sudoku.c:94:21: error: ‘i’ undeclared (first use in this function)
   94 |     for(int j = 0 ; i < 9 ; i++)
      |                     ^
sudoku.c:94:21: note: each undeclared identifier is reported only once for each function it appears in
sudoku.c:102:13: error: ‘fila’ undeclared (first use in this function)
  102 |             fila[num] = 1;
      |             ^~~~
Compilation failed
7c5d247
Thu 04 May 2023 10:03:24 PM UTC: 
 sudoku.c | 2 +-
 1 file changed, 1 insertion(+), 1 deletion(-)
In file included from test.c:5:
sudoku.c: In function ‘is_valid’:
sudoku.c:94:21: error: ‘i’ undeclared (first use in this function)
   94 |     for(int j = 0 ; i < 9 ; i++)
      |                     ^
sudoku.c:94:21: note: each undeclared identifier is reported only once for each function it appears in
Compilation failed
fedcf7d
Thu 04 May 2023 10:03:39 PM UTC: 
 sudoku.c | 4 ++--
 1 file changed, 2 insertions(+), 2 deletions(-)
 tests:  2|4
total_score: 15/70
137c1ab
Thu 04 May 2023 10:05:34 PM UTC: 
 sudoku.c | 16 ++++++++++++++++
 1 file changed, 16 insertions(+)
In file included from test.c:5:
sudoku.c: In function ‘is_valid’:
sudoku.c:109:13: error: ‘sudo’ undeclared (first use in this function)
  109 |             sudo[i] = 0;
      |             ^~~~
sudoku.c:109:13: note: each undeclared identifier is reported only once for each function it appears in
sudoku.c:117:22: error: ‘numero’ undeclared (first use in this function)
  117 |             if (sudo[numero] == 1) {
      |                      ^~~~~~
sudoku.c:115:17: error: unused variable ‘num’ [-Werror=unused-variable]
  115 |             int num = n->sudo[i][j];
      |                 ^~~
test.c:245:5: error: ‘main’ is normally a non-static function [-Werror=main]
  245 | int main( int argc, char *argv[] ) {
      |     ^~~~
test.c:262:1: error: expected declaration or statement at end of input
  262 | }
      | ^
test.c:263: error: control reaches end of non-void function [-Werror=return-type]
At top level:
test.c:245:5: error: ‘main’ defined but not used [-Werror=unused-function]
  245 | int main( int argc, char *argv[] ) {
      |     ^~~~
test.c:7:8: error: ‘_strdup’ defined but not used [-Werror=unused-function]
    7 | char * _strdup(const char * str) {
      |        ^~~~~~~
cc1: all warnings being treated as errors
Compilation failed
1df5738
Thu 04 May 2023 10:05:52 PM UTC: 
 sudoku.c | 2 +-
 1 file changed, 1 insertion(+), 1 deletion(-)
In file included from test.c:5:
sudoku.c: In function ‘is_valid’:
sudoku.c:117:22: error: ‘numero’ undeclared (first use in this function)
  117 |             if (sudo[numero] == 1) {
      |                      ^~~~~~
sudoku.c:117:22: note: each undeclared identifier is reported only once for each function it appears in
sudoku.c:115:17: error: unused variable ‘num’ [-Werror=unused-variable]
  115 |             int num = n->sudo[i][j];
      |                 ^~~
test.c:245:5: error: ‘main’ is normally a non-static function [-Werror=main]
  245 | int main( int argc, char *argv[] ) {
      |     ^~~~
test.c:262:1: error: expected declaration or statement at end of input
  262 | }
      | ^
In file included from test.c:5:
sudoku.c:80:9: error: variable ‘sudo’ set but not used [-Werror=unused-but-set-variable]
   80 |     int sudo[10];
      |         ^~~~
test.c:263: error: control reaches end of non-void function [-Werror=return-type]
At top level:
test.c:245:5: error: ‘main’ defined but not used [-Werror=unused-function]
  245 | int main( int argc, char *argv[] ) {
      |     ^~~~
test.c:7:8: error: ‘_strdup’ defined but not used [-Werror=unused-function]
    7 | char * _strdup(const char * str) {
      |        ^~~~~~~
cc1: all warnings being treated as errors
Compilation failed
131a994
Thu 04 May 2023 10:06:02 PM UTC: 
 sudoku.c | 2 +-
 1 file changed, 1 insertion(+), 1 deletion(-)
test.c: In function ‘is_valid’:
test.c:245:5: error: ‘main’ is normally a non-static function [-Werror=main]
  245 | int main( int argc, char *argv[] ) {
      |     ^~~~
test.c:262:1: error: expected declaration or statement at end of input
  262 | }
      | ^
test.c:263: error: control reaches end of non-void function [-Werror=return-type]
At top level:
test.c:245:5: error: ‘main’ defined but not used [-Werror=unused-function]
  245 | int main( int argc, char *argv[] ) {
      |     ^~~~
test.c:7:8: error: ‘_strdup’ defined but not used [-Werror=unused-function]
    7 | char * _strdup(const char * str) {
      |        ^~~~~~~
cc1: all warnings being treated as errors
Compilation failed
f08f929
Thu 04 May 2023 10:06:18 PM UTC: 
 sudoku.c | 2 +-
 1 file changed, 1 insertion(+), 1 deletion(-)
test.c: In function ‘is_valid’:
test.c:245:5: error: ‘main’ is normally a non-static function [-Werror=main]
  245 | int main( int argc, char *argv[] ) {
      |     ^~~~
test.c:262:1: error: expected declaration or statement at end of input
  262 | }
      | ^
test.c:263: error: control reaches end of non-void function [-Werror=return-type]
At top level:
test.c:245:5: error: ‘main’ defined but not used [-Werror=unused-function]
  245 | int main( int argc, char *argv[] ) {
      |     ^~~~
test.c:7:8: error: ‘_strdup’ defined but not used [-Werror=unused-function]
    7 | char * _strdup(const char * str) {
      |        ^~~~~~~
cc1: all warnings being treated as errors
Compilation failed
3a14ddc
Thu 04 May 2023 10:07:09 PM UTC: 
 sudoku.c | 10 ++++++----
 1 file changed, 6 insertions(+), 4 deletions(-)
test.c: In function ‘is_valid’:
test.c:245:5: error: ‘main’ is normally a non-static function [-Werror=main]
  245 | int main( int argc, char *argv[] ) {
      |     ^~~~
test.c:262:1: error: expected declaration or statement at end of input
  262 | }
      | ^
test.c:263: error: control reaches end of non-void function [-Werror=return-type]
At top level:
test.c:245:5: error: ‘main’ defined but not used [-Werror=unused-function]
  245 | int main( int argc, char *argv[] ) {
      |     ^~~~
test.c:7:8: error: ‘_strdup’ defined but not used [-Werror=unused-function]
    7 | char * _strdup(const char * str) {
      |        ^~~~~~~
cc1: all warnings being treated as errors
Compilation failed
ed78ded
Thu 04 May 2023 10:08:32 PM UTC: 
 sudoku.c | 9 ++++-----
 1 file changed, 4 insertions(+), 5 deletions(-)
In file included from test.c:5:
sudoku.c: In function ‘is_valid’:
sudoku.c:120:13: error: ‘sudo’ undeclared (first use in this function); did you mean ‘sudok’?
  120 |             sudo
      |             ^~~~
      |             sudok
sudoku.c:120:13: note: each undeclared identifier is reported only once for each function it appears in
sudoku.c:120:17: error: expected ‘;’ before ‘}’ token
  120 |             sudo
      |                 ^
      |                 ;
......
  123 |         }
      |         ~        
test.c:245:5: error: ‘main’ is normally a non-static function [-Werror=main]
  245 | int main( int argc, char *argv[] ) {
      |     ^~~~
test.c:262:1: error: expected declaration or statement at end of input
  262 | }
      | ^
test.c:263: error: control reaches end of non-void function [-Werror=return-type]
At top level:
test.c:245:5: error: ‘main’ defined but not used [-Werror=unused-function]
  245 | int main( int argc, char *argv[] ) {
      |     ^~~~
test.c:7:8: error: ‘_strdup’ defined but not used [-Werror=unused-function]
    7 | char * _strdup(const char * str) {
      |        ^~~~~~~
cc1: all warnings being treated as errors
Compilation failed
b8f4bf7
Thu 04 May 2023 10:09:25 PM UTC: 
 sudoku.c | 2 +-
 1 file changed, 1 insertion(+), 1 deletion(-)
In file included from test.c:5:
sudoku.c: In function ‘is_valid’:
sudoku.c:120:21: error: subscripted value is neither array nor pointer nor vector
  120 |             sudok[i][j] = 1;
      |                     ^
test.c:245:5: error: ‘main’ is normally a non-static function [-Werror=main]
  245 | int main( int argc, char *argv[] ) {
      |     ^~~~
test.c:262:1: error: expected declaration or statement at end of input
  262 | }
      | ^
test.c:263: error: control reaches end of non-void function [-Werror=return-type]
At top level:
test.c:245:5: error: ‘main’ defined but not used [-Werror=unused-function]
  245 | int main( int argc, char *argv[] ) {
      |     ^~~~
test.c:7:8: error: ‘_strdup’ defined but not used [-Werror=unused-function]
    7 | char * _strdup(const char * str) {
      |        ^~~~~~~
cc1: all warnings being treated as errors
Compilation failed
1b95ac7
Thu 04 May 2023 10:09:44 PM UTC: 
 sudoku.c | 2 +-
 1 file changed, 1 insertion(+), 1 deletion(-)
test.c: In function ‘is_valid’:
test.c:245:5: error: ‘main’ is normally a non-static function [-Werror=main]
  245 | int main( int argc, char *argv[] ) {
      |     ^~~~
test.c:262:1: error: expected declaration or statement at end of input
  262 | }
      | ^
test.c:263: error: control reaches end of non-void function [-Werror=return-type]
At top level:
test.c:245:5: error: ‘main’ defined but not used [-Werror=unused-function]
  245 | int main( int argc, char *argv[] ) {
      |     ^~~~
test.c:7:8: error: ‘_strdup’ defined but not used [-Werror=unused-function]
    7 | char * _strdup(const char * str) {
      |        ^~~~~~~
cc1: all warnings being treated as errors
Compilation failed
9b3ff08
Thu 04 May 2023 10:12:14 PM UTC: 
 sudoku.c | 2 +-
 1 file changed, 1 insertion(+), 1 deletion(-)
test.c: In function ‘is_valid’:
test.c:245:5: error: ‘main’ is normally a non-static function [-Werror=main]
  245 | int main( int argc, char *argv[] ) {
      |     ^~~~
test.c:262:1: error: expected declaration or statement at end of input
  262 | }
      | ^
test.c:263: error: control reaches end of non-void function [-Werror=return-type]
At top level:
test.c:245:5: error: ‘main’ defined but not used [-Werror=unused-function]
  245 | int main( int argc, char *argv[] ) {
      |     ^~~~
test.c:7:8: error: ‘_strdup’ defined but not used [-Werror=unused-function]
    7 | char * _strdup(const char * str) {
      |        ^~~~~~~
cc1: all warnings being treated as errors
Compilation failed
a0faa67
Thu 04 May 2023 10:21:47 PM UTC: 
 sudoku.c | 3 ---
 1 file changed, 3 deletions(-)
In file included from test.c:5:
sudoku.c: In function ‘is_valid’:
sudoku.c:114:17: error: ‘sudok’ undeclared (first use in this function)
  114 |             if (sudok[num] == 1) {
      |                 ^~~~~
sudoku.c:114:17: note: each undeclared identifier is reported only once for each function it appears in
sudoku.c:112:17: error: variable ‘num’ set but not used [-Werror=unused-but-set-variable]
  112 |             int num = n->sudo[i][j];
      |                 ^~~
test.c:245:5: error: ‘main’ is normally a non-static function [-Werror=main]
  245 | int main( int argc, char *argv[] ) {
      |     ^~~~
test.c:262:1: error: expected declaration or statement at end of input
  262 | }
      | ^
test.c:263: error: control reaches end of non-void function [-Werror=return-type]
At top level:
test.c:245:5: error: ‘main’ defined but not used [-Werror=unused-function]
  245 | int main( int argc, char *argv[] ) {
      |     ^~~~
test.c:7:8: error: ‘_strdup’ defined but not used [-Werror=unused-function]
    7 | char * _strdup(const char * str) {
      |        ^~~~~~~
cc1: all warnings being treated as errors
Compilation failed
8107b4d
Thu 04 May 2023 10:23:47 PM UTC: 
 sudoku.c | 6 +++---
 1 file changed, 3 insertions(+), 3 deletions(-)
 tests:  2|4
total_score: 15/70
3222c3b
